<?xml version="1.0" encoding="UTF-8"?>
<!-- Generated by org.testng.reporters.JUnitXMLReporter -->
<testsuite ignored="2" hostname="DESKTOP-5DJG0VO" failures="0" tests="1" name="Default test" time="185.824" errors="0" timestamp="2024-05-10T13:29:22 IST">
  <testcase classname="crm.ContactTest.createContactWith3ScrptsTest" name="createContactTest" time="63.881"/>
  <testcase classname="crm.ContactTest.createContactWith3ScrptsTest" name="createContactWithSupportDateTest" time="0.0">
    <ignored/>
  </testcase> <!-- createContactWithSupportDateTest -->
  <testcase classname="crm.ContactTest.createContactWith3ScrptsTest" name="createContactWithOrgNameTest" time="0.0">
    <ignored/>
  </testcase> <!-- createContactWithOrgNameTest -->
</testsuite> <!-- Default test -->
