<?xml version="1.0" encoding="UTF-8"?>
<testng-results ignored="0" total="1" passed="1" failed="0" skipped="0">
  <reporter-output>
  </reporter-output>
  <suite started-at="2024-05-10T13:26:16 IST" name="Default suite" finished-at="2024-05-10T13:29:22 IST" duration-ms="185824">
    <groups>
      <group name="smokeTest">
        <method signature="createContactWith3ScrptsTest.createContactTest()[pri:0, instance:crm.ContactTest.createContactWith3ScrptsTest@247bddad]" name="createContactTest" class="crm.ContactTest.createContactWith3ScrptsTest"/>
      </group> <!-- smokeTest -->
    </groups>
    <test started-at="2024-05-10T13:26:16 IST" name="Default test" finished-at="2024-05-10T13:29:22 IST" duration-ms="185824">
      <class name="crm.ContactTest.createContactWith3ScrptsTest">
        <test-method is-config="true" signature="conFigBS()[pri:0, instance:crm.ContactTest.createContactWith3ScrptsTest@247bddad]" started-at="2024-05-10T13:25:06 IST" name="conFigBS" finished-at="2024-05-10T13:26:16 IST" duration-ms="70651" status="PASS">
          <reporter-output>
          </reporter-output>
        </test-method> <!-- conFigBS -->
        <test-method is-config="true" signature="conFigBC()[pri:0, instance:crm.ContactTest.createContactWith3ScrptsTest@247bddad]" started-at="2024-05-10T13:26:16 IST" name="conFigBC" finished-at="2024-05-10T13:26:24 IST" duration-ms="7867" status="PASS">
          <reporter-output>
          </reporter-output>
        </test-method> <!-- conFigBC -->
        <test-method is-config="true" signature="conFigBM()[pri:0, instance:crm.ContactTest.createContactWith3ScrptsTest@247bddad]" started-at="2024-05-10T13:26:24 IST" name="conFigBM" finished-at="2024-05-10T13:27:34 IST" duration-ms="69410" status="PASS">
          <reporter-output>
          </reporter-output>
        </test-method> <!-- conFigBM -->
        <test-method signature="createContactTest()[pri:0, instance:crm.ContactTest.createContactWith3ScrptsTest@247bddad]" started-at="2024-05-10T13:27:34 IST" name="createContactTest" finished-at="2024-05-10T13:28:38 IST" duration-ms="63881" status="PASS">
          <reporter-output>
          </reporter-output>
        </test-method> <!-- createContactTest -->
        <test-method is-config="true" signature="conFigAM()[pri:0, instance:crm.ContactTest.createContactWith3ScrptsTest@247bddad]" started-at="2024-05-10T13:28:38 IST" name="conFigAM" finished-at="2024-05-10T13:29:21 IST" duration-ms="43755" status="PASS">
          <reporter-output>
          </reporter-output>
        </test-method> <!-- conFigAM -->
        <test-method is-config="true" signature="conFigAC()[pri:0, instance:crm.ContactTest.createContactWith3ScrptsTest@247bddad]" started-at="2024-05-10T13:29:21 IST" name="conFigAC" finished-at="2024-05-10T13:29:22 IST" duration-ms="818" status="PASS">
          <reporter-output>
          </reporter-output>
        </test-method> <!-- conFigAC -->
        <test-method is-config="true" signature="conFigAS()[pri:0, instance:crm.ContactTest.createContactWith3ScrptsTest@247bddad]" started-at="2024-05-10T13:29:22 IST" name="conFigAS" finished-at="2024-05-10T13:29:22 IST" duration-ms="15" status="PASS">
          <reporter-output>
          </reporter-output>
        </test-method> <!-- conFigAS -->
      </class> <!-- crm.ContactTest.createContactWith3ScrptsTest -->
    </test> <!-- Default test -->
  </suite> <!-- Default suite -->
</testng-results>
